[2020-04-12 23:25:30,101] multiqc                                            [DEBUG  ]  No MultiQC config found: /sw/bioinfo/MultiQC/1.8/rackham/lib/python3.6/site-packages/multiqc_config.yaml
[2020-04-12 23:25:30,102] multiqc                                            [DEBUG  ]  No MultiQC config found: /home/nuga5928/.multiqc_config.yaml
[2020-04-12 23:25:30,102] multiqc                                            [DEBUG  ]  No MultiQC config found: multiqc_config.yaml
[2020-04-12 23:25:30,102] multiqc                                            [DEBUG  ]  Command used: /sw/bioinfo/MultiQC/1.8/rackham/bin/multiqc .
[2020-04-12 23:25:31,603] multiqc                                            [DEBUG  ]  Latest MultiQC version is v1.8
[2020-04-12 23:25:31,603] multiqc                                            [INFO   ]  This is MultiQC v1.8
[2020-04-12 23:25:31,603] multiqc                                            [DEBUG  ]  Command     : /sw/bioinfo/MultiQC/1.8/rackham/bin/multiqc .
[2020-04-12 23:25:31,603] multiqc                                            [DEBUG  ]  Working dir : /domus/h1/nuga5928/genome-analysis/analyses/02_diff_expression/01_qc_fastqc
[2020-04-12 23:25:31,603] multiqc                                            [INFO   ]  Template    : default
[2020-04-12 23:25:31,603] multiqc                                            [DEBUG  ]  Running Python 3.6.8 (default, Mar 14 2019, 16:13:09)  [GCC 4.8.5 20150623 (Red Hat 4.8.5-36)]
[2020-04-12 23:25:31,603] multiqc                                            [INFO   ]  Searching   : /domus/h1/nuga5928/genome-analysis/analyses/02_diff_expression/01_qc_fastqc
[2020-04-12 23:25:31,604] multiqc                                            [DEBUG  ]  Analysing modules: custom_content, conpair, peddy, methylQA, phantompeakqualtools, qualimap, preseq, quast, qorts, rna_seqc, rsem, rseqc, busco, goleft_indexcov, disambiguate, supernova, deeptools, sargasso, verifybamid, mirtrace, happy, homer, macs2, theta2, snpeff, gatk, htseq, bcftools, featureCounts, fgbio, dedup, damageprofiler, biobambam2, mtnucratio, picard, prokka, samblaster, samtools, sexdeterrmine, bamtools, jellyfish, vcftools, longranger, stacks, bbmap, bismark, biscuit, hicexplorer, hicup, hicpro, salmon, kallisto, slamdunk, star, hisat2, tophat, bowtie2, bowtie1, kat, leehom, adapterRemoval, clipandmerge, cutadapt, flexbar, trimmomatic, skewer, sortmerna, biobloomtools, fastq_screen, afterqc, fastp, fastqc, minionqc, mosdepth, clusterflow, bcl2fastq, interop, flash, seqyclean
[2020-04-12 23:25:31,604] multiqc                                            [DEBUG  ]  Using temporary directory for creating report: /scratch/tmpd0xzi6za
[2020-04-12 23:25:31,765] multiqc                                            [DEBUG  ]  Ignoring file as matched an ignore pattern: ERR2036629_1_fastqc.html
[2020-04-12 23:25:31,766] multiqc                                            [DEBUG  ]  Ignoring file as matched an ignore pattern: ERR2036629_2_fastqc.html
[2020-04-12 23:25:31,767] multiqc                                            [DEBUG  ]  Ignoring file as matched an ignore pattern: ERR2036630_1_fastqc.html
[2020-04-12 23:25:31,767] multiqc                                            [DEBUG  ]  Ignoring file as matched an ignore pattern: ERR2036630_2_fastqc.html
[2020-04-12 23:25:31,768] multiqc                                            [DEBUG  ]  Ignoring file as matched an ignore pattern: ERR2036631_2_fastqc.html
[2020-04-12 23:25:31,769] multiqc                                            [DEBUG  ]  Ignoring file as matched an ignore pattern: ERR2036631_1_fastqc.html
[2020-04-12 23:25:31,769] multiqc                                            [DEBUG  ]  Ignoring file as matched an ignore pattern: ERR2036632_1_fastqc.html
[2020-04-12 23:25:31,770] multiqc                                            [DEBUG  ]  Ignoring file as matched an ignore pattern: ERR2036632_2_fastqc.html
[2020-04-12 23:25:31,771] multiqc                                            [DEBUG  ]  Ignoring file as matched an ignore pattern: ERR2036633_1_fastqc.html
[2020-04-12 23:25:31,772] multiqc                                            [DEBUG  ]  Ignoring file as matched an ignore pattern: ERR2036633_2_fastqc.html
[2020-04-12 23:25:31,773] multiqc                                            [DEBUG  ]  Ignoring file as matched an ignore pattern: ERR2117288_2_fastqc.html
[2020-04-12 23:25:31,773] multiqc                                            [DEBUG  ]  Ignoring file as matched an ignore pattern: ERR2117288_1_fastqc.html
[2020-04-12 23:25:31,774] multiqc                                            [DEBUG  ]  Ignoring file as matched an ignore pattern: ERR2117289_1_fastqc.html
[2020-04-12 23:25:31,774] multiqc                                            [DEBUG  ]  Ignoring file as matched an ignore pattern: ERR2117289_2_fastqc.html
[2020-04-12 23:25:31,775] multiqc                                            [DEBUG  ]  Ignoring file as matched an ignore pattern: ERR2117290_1_fastqc.html
[2020-04-12 23:25:31,776] multiqc                                            [DEBUG  ]  Ignoring file as matched an ignore pattern: ERR2117290_2_fastqc.html
[2020-04-12 23:25:31,776] multiqc                                            [DEBUG  ]  Ignoring file as matched an ignore pattern: ERR2117292_1_fastqc.html
[2020-04-12 23:25:31,777] multiqc                                            [DEBUG  ]  Ignoring file as matched an ignore pattern: ERR2117291_2_fastqc.html
[2020-04-12 23:25:31,778] multiqc                                            [DEBUG  ]  Ignoring file as matched an ignore pattern: ERR2117292_2_fastqc.html
[2020-04-12 23:25:31,779] multiqc                                            [DEBUG  ]  Ignoring file as matched an ignore pattern: ERR2117291_1_fastqc.html
[2020-04-12 23:25:34,347] multiqc.plots.bargraph                             [DEBUG  ]  Using matplotlib version 3.1.1
[2020-04-12 23:25:34,349] multiqc.plots.linegraph                            [DEBUG  ]  Using matplotlib version 3.1.1
[2020-04-12 23:25:34,352] multiqc                                            [DEBUG  ]  No samples found: custom_content
[2020-04-12 23:25:34,360] multiqc                                            [DEBUG  ]  No samples found: conpair
[2020-04-12 23:25:34,367] multiqc                                            [DEBUG  ]  No samples found: peddy
[2020-04-12 23:25:34,375] multiqc                                            [DEBUG  ]  No samples found: methylQA
[2020-04-12 23:25:34,382] multiqc                                            [DEBUG  ]  No samples found: phantompeakqualtools
[2020-04-12 23:25:34,393] multiqc                                            [DEBUG  ]  No samples found: qualimap
[2020-04-12 23:25:34,401] multiqc                                            [DEBUG  ]  No samples found: preseq
[2020-04-12 23:25:34,408] multiqc                                            [DEBUG  ]  No samples found: quast
[2020-04-12 23:25:34,417] multiqc                                            [DEBUG  ]  No samples found: qorts
[2020-04-12 23:25:34,425] multiqc                                            [DEBUG  ]  No samples found: rna_seqc
[2020-04-12 23:25:34,432] multiqc                                            [DEBUG  ]  No samples found: rsem
[2020-04-12 23:25:34,449] multiqc                                            [DEBUG  ]  No samples found: rseqc
[2020-04-12 23:25:34,457] multiqc                                            [DEBUG  ]  No samples found: busco
[2020-04-12 23:25:34,464] multiqc                                            [DEBUG  ]  No samples found: goleft_indexcov
[2020-04-12 23:25:34,472] multiqc                                            [DEBUG  ]  No samples found: disambiguate
[2020-04-12 23:25:34,480] multiqc                                            [DEBUG  ]  No samples found: supernova
[2020-04-12 23:25:34,497] multiqc                                            [DEBUG  ]  No samples found: deeptools
[2020-04-12 23:25:34,505] multiqc                                            [DEBUG  ]  No samples found: sargasso
[2020-04-12 23:25:34,513] multiqc                                            [DEBUG  ]  No samples found: verifybamid
[2020-04-12 23:25:34,521] multiqc                                            [DEBUG  ]  No samples found: mirtrace
[2020-04-12 23:25:34,528] multiqc                                            [DEBUG  ]  No samples found: happy
[2020-04-12 23:25:34,538] multiqc                                            [DEBUG  ]  No samples found: homer
[2020-04-12 23:25:34,546] multiqc                                            [DEBUG  ]  No samples found: macs2
[2020-04-12 23:25:34,553] multiqc                                            [DEBUG  ]  No samples found: theta2
[2020-04-12 23:25:34,561] multiqc                                            [DEBUG  ]  No samples found: snpeff
[2020-04-12 23:25:34,571] multiqc                                            [DEBUG  ]  No samples found: gatk
[2020-04-12 23:25:34,579] multiqc                                            [DEBUG  ]  No samples found: htseq
[2020-04-12 23:25:34,588] multiqc                                            [DEBUG  ]  No samples found: bcftools
[2020-04-12 23:25:34,595] multiqc                                            [DEBUG  ]  No samples found: featureCounts
[2020-04-12 23:25:34,603] multiqc                                            [DEBUG  ]  No samples found: fgbio
[2020-04-12 23:25:34,611] multiqc                                            [DEBUG  ]  No samples found: dedup
[2020-04-12 23:25:34,619] multiqc                                            [DEBUG  ]  No samples found: damageprofiler
[2020-04-12 23:25:34,645] multiqc                                            [DEBUG  ]  No samples found: biobambam2
[2020-04-12 23:25:34,652] multiqc                                            [DEBUG  ]  No samples found: mtnucratio
[2020-04-12 23:25:34,655] multiqc                                            [DEBUG  ]  No samples found: picard
[2020-04-12 23:25:34,663] multiqc                                            [DEBUG  ]  No samples found: prokka
[2020-04-12 23:25:34,670] multiqc                                            [DEBUG  ]  No samples found: samblaster
[2020-04-12 23:25:34,682] multiqc                                            [DEBUG  ]  No samples found: samtools
[2020-04-12 23:25:34,690] multiqc                                            [DEBUG  ]  No samples found: sexdeterrmine
[2020-04-12 23:25:34,698] multiqc                                            [DEBUG  ]  No samples found: bamtools
[2020-04-12 23:25:34,706] multiqc                                            [DEBUG  ]  No samples found: jellyfish
[2020-04-12 23:25:34,719] multiqc                                            [DEBUG  ]  No samples found: vcftools
[2020-04-12 23:25:34,727] multiqc                                            [DEBUG  ]  No samples found: longranger
[2020-04-12 23:25:34,734] multiqc                                            [DEBUG  ]  No samples found: stacks
[2020-04-12 23:25:34,755] multiqc                                            [DEBUG  ]  No samples found: bbmap
[2020-04-12 23:25:34,763] multiqc                                            [DEBUG  ]  No samples found: bismark
[2020-04-12 23:25:34,771] multiqc                                            [DEBUG  ]  No samples found: biscuit
[2020-04-12 23:25:34,779] multiqc                                            [DEBUG  ]  No samples found: hicexplorer
[2020-04-12 23:25:34,786] multiqc                                            [DEBUG  ]  No samples found: hicup
[2020-04-12 23:25:34,794] multiqc                                            [DEBUG  ]  No samples found: hicpro
[2020-04-12 23:25:34,802] multiqc                                            [DEBUG  ]  No samples found: salmon
[2020-04-12 23:25:34,809] multiqc                                            [DEBUG  ]  No samples found: kallisto
[2020-04-12 23:25:34,817] multiqc                                            [DEBUG  ]  No samples found: slamdunk
[2020-04-12 23:25:34,825] multiqc                                            [DEBUG  ]  No samples found: star
[2020-04-12 23:25:34,832] multiqc                                            [DEBUG  ]  No samples found: hisat2
[2020-04-12 23:25:34,840] multiqc                                            [DEBUG  ]  No samples found: tophat
[2020-04-12 23:25:34,847] multiqc                                            [DEBUG  ]  No samples found: bowtie2
[2020-04-12 23:25:34,855] multiqc                                            [DEBUG  ]  No samples found: bowtie1
[2020-04-12 23:25:34,862] multiqc                                            [DEBUG  ]  No samples found: kat
[2020-04-12 23:25:34,870] multiqc                                            [DEBUG  ]  No samples found: leehom
[2020-04-12 23:25:34,877] multiqc                                            [DEBUG  ]  No samples found: adapterRemoval
[2020-04-12 23:25:34,885] multiqc                                            [DEBUG  ]  No samples found: clipandmerge
[2020-04-12 23:25:34,892] multiqc                                            [DEBUG  ]  No samples found: cutadapt
[2020-04-12 23:25:34,900] multiqc                                            [DEBUG  ]  No samples found: flexbar
[2020-04-12 23:25:34,907] multiqc                                            [DEBUG  ]  No samples found: trimmomatic
[2020-04-12 23:25:34,915] multiqc                                            [DEBUG  ]  No samples found: skewer
[2020-04-12 23:25:34,923] multiqc                                            [DEBUG  ]  No samples found: sortmerna
[2020-04-12 23:25:34,931] multiqc                                            [DEBUG  ]  No samples found: biobloomtools
[2020-04-12 23:25:34,938] multiqc                                            [DEBUG  ]  No samples found: fastq_screen
[2020-04-12 23:25:34,946] multiqc                                            [DEBUG  ]  No samples found: afterqc
[2020-04-12 23:25:34,953] multiqc                                            [DEBUG  ]  No samples found: fastp
[2020-04-12 23:25:35,776] multiqc.modules.fastqc.fastqc                      [INFO   ]  Found 20 reports
[2020-04-12 23:25:36,348] multiqc                                            [DEBUG  ]  No samples found: minionqc
[2020-04-12 23:25:36,355] multiqc                                            [DEBUG  ]  No samples found: mosdepth
[2020-04-12 23:25:36,363] multiqc                                            [DEBUG  ]  No samples found: clusterflow
[2020-04-12 23:25:36,371] multiqc                                            [DEBUG  ]  No samples found: bcl2fastq
[2020-04-12 23:25:36,379] multiqc                                            [DEBUG  ]  No samples found: interop
[2020-04-12 23:25:36,387] multiqc                                            [DEBUG  ]  No samples found: flash
[2020-04-12 23:25:36,394] multiqc                                            [DEBUG  ]  No samples found: seqyclean
[2020-04-12 23:25:36,433] multiqc                                            [INFO   ]  Compressing plot data
[2020-04-12 23:25:36,916] multiqc                                            [INFO   ]  Report      : multiqc_report.html
[2020-04-12 23:25:36,916] multiqc                                            [INFO   ]  Data        : multiqc_data
[2020-04-12 23:25:36,916] multiqc                                            [DEBUG  ]  Moving data file from '/scratch/tmpd0xzi6za/multiqc_data/multiqc_sources.txt' to '/domus/h1/nuga5928/genome-analysis/analyses/02_diff_expression/01_qc_fastqc/multiqc_data'
[2020-04-12 23:25:36,918] multiqc                                            [DEBUG  ]  Moving data file from '/scratch/tmpd0xzi6za/multiqc_data/multiqc_qualimap_bamqc_genome_results.txt' to '/domus/h1/nuga5928/genome-analysis/analyses/02_diff_expression/01_qc_fastqc/multiqc_data'
[2020-04-12 23:25:36,920] multiqc                                            [DEBUG  ]  Moving data file from '/scratch/tmpd0xzi6za/multiqc_data/multiqc_fastqc.txt' to '/domus/h1/nuga5928/genome-analysis/analyses/02_diff_expression/01_qc_fastqc/multiqc_data'
[2020-04-12 23:25:36,922] multiqc                                            [DEBUG  ]  Moving data file from '/scratch/tmpd0xzi6za/multiqc_data/multiqc_data.json' to '/domus/h1/nuga5928/genome-analysis/analyses/02_diff_expression/01_qc_fastqc/multiqc_data'
[2020-04-12 23:25:36,928] multiqc                                            [DEBUG  ]  Moving data file from '/scratch/tmpd0xzi6za/multiqc_data/multiqc_general_stats.txt' to '/domus/h1/nuga5928/genome-analysis/analyses/02_diff_expression/01_qc_fastqc/multiqc_data'
[2020-04-12 23:25:37,117] multiqc                                            [INFO   ]  MultiQC complete
