[2020-04-16 14:53:05,109] multiqc                                            [DEBUG  ]  No MultiQC config found: /sw/bioinfo/MultiQC/1.8/rackham/lib/python3.6/site-packages/multiqc_config.yaml
[2020-04-16 14:53:05,109] multiqc                                            [DEBUG  ]  No MultiQC config found: /home/nuga5928/.multiqc_config.yaml
[2020-04-16 14:53:05,109] multiqc                                            [DEBUG  ]  No MultiQC config found: multiqc_config.yaml
[2020-04-16 14:53:05,109] multiqc                                            [DEBUG  ]  Command used: /sw/bioinfo/MultiQC/1.8/rackham/bin/multiqc .
[2020-04-16 14:53:05,371] multiqc                                            [DEBUG  ]  Latest MultiQC version is v1.8
[2020-04-16 14:53:05,371] multiqc                                            [INFO   ]  This is MultiQC v1.8
[2020-04-16 14:53:05,371] multiqc                                            [DEBUG  ]  Command     : /sw/bioinfo/MultiQC/1.8/rackham/bin/multiqc .
[2020-04-16 14:53:05,372] multiqc                                            [DEBUG  ]  Working dir : /domus/h1/nuga5928/genome-analysis/analyses/02_diff_expression/04_refqc_fastqc
[2020-04-16 14:53:05,372] multiqc                                            [INFO   ]  Template    : default
[2020-04-16 14:53:05,372] multiqc                                            [DEBUG  ]  Running Python 3.6.8 (default, Mar 14 2019, 16:13:09)  [GCC 4.8.5 20150623 (Red Hat 4.8.5-36)]
[2020-04-16 14:53:05,372] multiqc                                            [INFO   ]  Searching   : /domus/h1/nuga5928/genome-analysis/analyses/02_diff_expression/04_refqc_fastqc
[2020-04-16 14:53:05,373] multiqc                                            [DEBUG  ]  Analysing modules: custom_content, conpair, peddy, methylQA, phantompeakqualtools, qualimap, preseq, quast, qorts, rna_seqc, rsem, rseqc, busco, goleft_indexcov, disambiguate, supernova, deeptools, sargasso, verifybamid, mirtrace, happy, homer, macs2, theta2, snpeff, gatk, htseq, bcftools, featureCounts, fgbio, dedup, damageprofiler, biobambam2, mtnucratio, picard, prokka, samblaster, samtools, sexdeterrmine, bamtools, jellyfish, vcftools, longranger, stacks, bbmap, bismark, biscuit, hicexplorer, hicup, hicpro, salmon, kallisto, slamdunk, star, hisat2, tophat, bowtie2, bowtie1, kat, leehom, adapterRemoval, clipandmerge, cutadapt, flexbar, trimmomatic, skewer, sortmerna, biobloomtools, fastq_screen, afterqc, fastp, fastqc, minionqc, mosdepth, clusterflow, bcl2fastq, interop, flash, seqyclean
[2020-04-16 14:53:05,373] multiqc                                            [DEBUG  ]  Using temporary directory for creating report: /scratch/13564325/tmp7buvazan
[2020-04-16 14:53:05,538] multiqc                                            [DEBUG  ]  Ignoring file as matched an ignore pattern: ERR2036629_S2.trim_fastqc.html
[2020-04-16 14:53:05,539] multiqc                                            [DEBUG  ]  Ignoring file as matched an ignore pattern: ERR2036629_S1.trim_fastqc.html
[2020-04-16 14:53:05,540] multiqc                                            [DEBUG  ]  Ignoring file as matched an ignore pattern: ERR2036629_P1.trim_fastqc.html
[2020-04-16 14:53:05,540] multiqc                                            [DEBUG  ]  Ignoring file as matched an ignore pattern: ERR2036630_P1.trim_fastqc.html
[2020-04-16 14:53:05,541] multiqc                                            [DEBUG  ]  Ignoring file as matched an ignore pattern: ERR2036630_S2.trim_fastqc.html
[2020-04-16 14:53:05,541] multiqc                                            [DEBUG  ]  Ignoring file as matched an ignore pattern: ERR2036629_P2.trim_fastqc.html
[2020-04-16 14:53:05,542] multiqc                                            [DEBUG  ]  Ignoring file as matched an ignore pattern: ERR2036630_S1.trim_fastqc.html
[2020-04-16 14:53:05,543] multiqc                                            [DEBUG  ]  Ignoring file as matched an ignore pattern: ERR2036630_P2.trim_fastqc.html
[2020-04-16 14:53:05,543] multiqc                                            [DEBUG  ]  Ignoring file as matched an ignore pattern: ERR2036631_S2.trim_fastqc.html
[2020-04-16 14:53:05,544] multiqc                                            [DEBUG  ]  Ignoring file as matched an ignore pattern: ERR2036631_S1.trim_fastqc.html
[2020-04-16 14:53:05,545] multiqc                                            [DEBUG  ]  Ignoring file as matched an ignore pattern: ERR2036631_P1.trim_fastqc.html
[2020-04-16 14:53:05,545] multiqc                                            [DEBUG  ]  Ignoring file as matched an ignore pattern: ERR2036631_P2.trim_fastqc.html
[2020-04-16 14:53:05,546] multiqc                                            [DEBUG  ]  Ignoring file as matched an ignore pattern: ERR2036632_S2.trim_fastqc.html
[2020-04-16 14:53:05,547] multiqc                                            [DEBUG  ]  Ignoring file as matched an ignore pattern: ERR2036632_P1.trim_fastqc.html
[2020-04-16 14:53:05,547] multiqc                                            [DEBUG  ]  Ignoring file as matched an ignore pattern: ERR2036632_P2.trim_fastqc.html
[2020-04-16 14:53:05,548] multiqc                                            [DEBUG  ]  Ignoring file as matched an ignore pattern: ERR2036632_S1.trim_fastqc.html
[2020-04-16 14:53:05,548] multiqc                                            [DEBUG  ]  Ignoring file as matched an ignore pattern: ERR2036633_S2.trim_fastqc.html
[2020-04-16 14:53:05,549] multiqc                                            [DEBUG  ]  Ignoring file as matched an ignore pattern: ERR2036633_S1.trim_fastqc.html
[2020-04-16 14:53:05,550] multiqc                                            [DEBUG  ]  Ignoring file as matched an ignore pattern: ERR2036633_P1.trim_fastqc.html
[2020-04-16 14:53:05,550] multiqc                                            [DEBUG  ]  Ignoring file as matched an ignore pattern: ERR2117288_S1.trim_fastqc.html
[2020-04-16 14:53:05,551] multiqc                                            [DEBUG  ]  Ignoring file as matched an ignore pattern: ERR2117288_S2.trim_fastqc.html
[2020-04-16 14:53:05,552] multiqc                                            [DEBUG  ]  Ignoring file as matched an ignore pattern: ERR2036633_P2.trim_fastqc.html
[2020-04-16 14:53:05,552] multiqc                                            [DEBUG  ]  Ignoring file as matched an ignore pattern: ERR2117288_P1.trim_fastqc.html
[2020-04-16 14:53:05,553] multiqc                                            [DEBUG  ]  Ignoring file as matched an ignore pattern: ERR2117288_P2.trim_fastqc.html
[2020-04-16 14:53:05,554] multiqc                                            [DEBUG  ]  Ignoring file as matched an ignore pattern: ERR2117289_S2.trim_fastqc.html
[2020-04-16 14:53:05,554] multiqc                                            [DEBUG  ]  Ignoring file as matched an ignore pattern: ERR2117289_S1.trim_fastqc.html
[2020-04-16 14:53:05,555] multiqc                                            [DEBUG  ]  Ignoring file as matched an ignore pattern: ERR2117290_P1.trim_fastqc.html
[2020-04-16 14:53:05,556] multiqc                                            [DEBUG  ]  Ignoring file as matched an ignore pattern: ERR2117289_P1.trim_fastqc.html
[2020-04-16 14:53:05,557] multiqc                                            [DEBUG  ]  Ignoring file as matched an ignore pattern: ERR2117290_P2.trim_fastqc.html
[2020-04-16 14:53:05,557] multiqc                                            [DEBUG  ]  Ignoring file as matched an ignore pattern: ERR2117290_S2.trim_fastqc.html
[2020-04-16 14:53:05,558] multiqc                                            [DEBUG  ]  Ignoring file as matched an ignore pattern: ERR2117289_P2.trim_fastqc.html
[2020-04-16 14:53:05,558] multiqc                                            [DEBUG  ]  Ignoring file as matched an ignore pattern: ERR2117290_S1.trim_fastqc.html
[2020-04-16 14:53:05,559] multiqc                                            [DEBUG  ]  Ignoring file as matched an ignore pattern: ERR2117291_S2.trim_fastqc.html
[2020-04-16 14:53:05,560] multiqc                                            [DEBUG  ]  Ignoring file as matched an ignore pattern: ERR2117291_S1.trim_fastqc.html
[2020-04-16 14:53:05,561] multiqc                                            [DEBUG  ]  Ignoring file as matched an ignore pattern: ERR2117291_P1.trim_fastqc.html
[2020-04-16 14:53:05,561] multiqc                                            [DEBUG  ]  Ignoring file as matched an ignore pattern: ERR2117291_P2.trim_fastqc.html
[2020-04-16 14:53:05,562] multiqc                                            [DEBUG  ]  Ignoring file as matched an ignore pattern: ERR2117292_S2.trim_fastqc.html
[2020-04-16 14:53:05,563] multiqc                                            [DEBUG  ]  Ignoring file as matched an ignore pattern: ERR2117292_S1.trim_fastqc.html
[2020-04-16 14:53:05,563] multiqc                                            [DEBUG  ]  Ignoring file as matched an ignore pattern: ERR2117292_P1.trim_fastqc.html
[2020-04-16 14:53:05,564] multiqc                                            [DEBUG  ]  Ignoring file as matched an ignore pattern: ERR2117292_P2.trim_fastqc.html
[2020-04-16 14:53:05,932] multiqc.plots.bargraph                             [DEBUG  ]  Using matplotlib version 3.1.1
[2020-04-16 14:53:05,934] multiqc.plots.linegraph                            [DEBUG  ]  Using matplotlib version 3.1.1
[2020-04-16 14:53:05,936] multiqc                                            [DEBUG  ]  No samples found: custom_content
[2020-04-16 14:53:05,942] multiqc                                            [DEBUG  ]  No samples found: conpair
[2020-04-16 14:53:05,948] multiqc                                            [DEBUG  ]  No samples found: peddy
[2020-04-16 14:53:05,953] multiqc                                            [DEBUG  ]  No samples found: methylQA
[2020-04-16 14:53:05,958] multiqc                                            [DEBUG  ]  No samples found: phantompeakqualtools
[2020-04-16 14:53:05,965] multiqc                                            [DEBUG  ]  No samples found: qualimap
[2020-04-16 14:53:05,971] multiqc                                            [DEBUG  ]  No samples found: preseq
[2020-04-16 14:53:05,976] multiqc                                            [DEBUG  ]  No samples found: quast
[2020-04-16 14:53:05,982] multiqc                                            [DEBUG  ]  No samples found: qorts
[2020-04-16 14:53:05,987] multiqc                                            [DEBUG  ]  No samples found: rna_seqc
[2020-04-16 14:53:05,993] multiqc                                            [DEBUG  ]  No samples found: rsem
[2020-04-16 14:53:06,006] multiqc                                            [DEBUG  ]  No samples found: rseqc
[2020-04-16 14:53:06,011] multiqc                                            [DEBUG  ]  No samples found: busco
[2020-04-16 14:53:06,017] multiqc                                            [DEBUG  ]  No samples found: goleft_indexcov
[2020-04-16 14:53:06,023] multiqc                                            [DEBUG  ]  No samples found: disambiguate
[2020-04-16 14:53:06,028] multiqc                                            [DEBUG  ]  No samples found: supernova
[2020-04-16 14:53:06,042] multiqc                                            [DEBUG  ]  No samples found: deeptools
[2020-04-16 14:53:06,049] multiqc                                            [DEBUG  ]  No samples found: sargasso
[2020-04-16 14:53:06,054] multiqc                                            [DEBUG  ]  No samples found: verifybamid
[2020-04-16 14:53:06,059] multiqc                                            [DEBUG  ]  No samples found: mirtrace
[2020-04-16 14:53:06,064] multiqc                                            [DEBUG  ]  No samples found: happy
[2020-04-16 14:53:06,073] multiqc                                            [DEBUG  ]  No samples found: homer
[2020-04-16 14:53:06,078] multiqc                                            [DEBUG  ]  No samples found: macs2
[2020-04-16 14:53:06,083] multiqc                                            [DEBUG  ]  No samples found: theta2
[2020-04-16 14:53:06,089] multiqc                                            [DEBUG  ]  No samples found: snpeff
[2020-04-16 14:53:06,098] multiqc                                            [DEBUG  ]  No samples found: gatk
[2020-04-16 14:53:06,103] multiqc                                            [DEBUG  ]  No samples found: htseq
[2020-04-16 14:53:06,109] multiqc                                            [DEBUG  ]  No samples found: bcftools
[2020-04-16 14:53:06,115] multiqc                                            [DEBUG  ]  No samples found: featureCounts
[2020-04-16 14:53:06,122] multiqc                                            [DEBUG  ]  No samples found: fgbio
[2020-04-16 14:53:06,128] multiqc                                            [DEBUG  ]  No samples found: dedup
[2020-04-16 14:53:06,133] multiqc                                            [DEBUG  ]  No samples found: damageprofiler
[2020-04-16 14:53:06,154] multiqc                                            [DEBUG  ]  No samples found: biobambam2
[2020-04-16 14:53:06,160] multiqc                                            [DEBUG  ]  No samples found: mtnucratio
[2020-04-16 14:53:06,163] multiqc                                            [DEBUG  ]  No samples found: picard
[2020-04-16 14:53:06,168] multiqc                                            [DEBUG  ]  No samples found: prokka
[2020-04-16 14:53:06,174] multiqc                                            [DEBUG  ]  No samples found: samblaster
[2020-04-16 14:53:06,183] multiqc                                            [DEBUG  ]  No samples found: samtools
[2020-04-16 14:53:06,189] multiqc                                            [DEBUG  ]  No samples found: sexdeterrmine
[2020-04-16 14:53:06,195] multiqc                                            [DEBUG  ]  No samples found: bamtools
[2020-04-16 14:53:06,200] multiqc                                            [DEBUG  ]  No samples found: jellyfish
[2020-04-16 14:53:06,209] multiqc                                            [DEBUG  ]  No samples found: vcftools
[2020-04-16 14:53:06,215] multiqc                                            [DEBUG  ]  No samples found: longranger
[2020-04-16 14:53:06,220] multiqc                                            [DEBUG  ]  No samples found: stacks
[2020-04-16 14:53:06,237] multiqc                                            [DEBUG  ]  No samples found: bbmap
[2020-04-16 14:53:06,243] multiqc                                            [DEBUG  ]  No samples found: bismark
[2020-04-16 14:53:06,249] multiqc                                            [DEBUG  ]  No samples found: biscuit
[2020-04-16 14:53:06,254] multiqc                                            [DEBUG  ]  No samples found: hicexplorer
[2020-04-16 14:53:06,259] multiqc                                            [DEBUG  ]  No samples found: hicup
[2020-04-16 14:53:06,264] multiqc                                            [DEBUG  ]  No samples found: hicpro
[2020-04-16 14:53:06,270] multiqc                                            [DEBUG  ]  No samples found: salmon
[2020-04-16 14:53:06,275] multiqc                                            [DEBUG  ]  No samples found: kallisto
[2020-04-16 14:53:06,281] multiqc                                            [DEBUG  ]  No samples found: slamdunk
[2020-04-16 14:53:06,286] multiqc                                            [DEBUG  ]  No samples found: star
[2020-04-16 14:53:06,291] multiqc                                            [DEBUG  ]  No samples found: hisat2
[2020-04-16 14:53:06,296] multiqc                                            [DEBUG  ]  No samples found: tophat
[2020-04-16 14:53:06,302] multiqc                                            [DEBUG  ]  No samples found: bowtie2
[2020-04-16 14:53:06,307] multiqc                                            [DEBUG  ]  No samples found: bowtie1
[2020-04-16 14:53:06,313] multiqc                                            [DEBUG  ]  No samples found: kat
[2020-04-16 14:53:06,318] multiqc                                            [DEBUG  ]  No samples found: leehom
[2020-04-16 14:53:06,323] multiqc                                            [DEBUG  ]  No samples found: adapterRemoval
[2020-04-16 14:53:06,330] multiqc                                            [DEBUG  ]  No samples found: clipandmerge
[2020-04-16 14:53:06,335] multiqc                                            [DEBUG  ]  No samples found: cutadapt
[2020-04-16 14:53:06,340] multiqc                                            [DEBUG  ]  No samples found: flexbar
[2020-04-16 14:53:06,345] multiqc                                            [DEBUG  ]  No samples found: trimmomatic
[2020-04-16 14:53:06,351] multiqc                                            [DEBUG  ]  No samples found: skewer
[2020-04-16 14:53:06,356] multiqc                                            [DEBUG  ]  No samples found: sortmerna
[2020-04-16 14:53:06,362] multiqc                                            [DEBUG  ]  No samples found: biobloomtools
[2020-04-16 14:53:06,367] multiqc                                            [DEBUG  ]  No samples found: fastq_screen
[2020-04-16 14:53:06,372] multiqc                                            [DEBUG  ]  No samples found: afterqc
[2020-04-16 14:53:06,377] multiqc                                            [DEBUG  ]  No samples found: fastp
[2020-04-16 14:53:07,607] multiqc.modules.fastqc.fastqc                      [INFO   ]  Found 40 reports
[2020-04-16 14:53:08,500] multiqc                                            [DEBUG  ]  No samples found: minionqc
[2020-04-16 14:53:08,505] multiqc                                            [DEBUG  ]  No samples found: mosdepth
[2020-04-16 14:53:08,510] multiqc                                            [DEBUG  ]  No samples found: clusterflow
[2020-04-16 14:53:08,516] multiqc                                            [DEBUG  ]  No samples found: bcl2fastq
[2020-04-16 14:53:08,521] multiqc                                            [DEBUG  ]  No samples found: interop
[2020-04-16 14:53:08,527] multiqc                                            [DEBUG  ]  No samples found: flash
[2020-04-16 14:53:08,533] multiqc                                            [DEBUG  ]  No samples found: seqyclean
[2020-04-16 14:53:08,596] multiqc                                            [INFO   ]  Compressing plot data
[2020-04-16 14:53:09,251] multiqc                                            [INFO   ]  Report      : multiqc_report.html
[2020-04-16 14:53:09,251] multiqc                                            [INFO   ]  Data        : multiqc_data
[2020-04-16 14:53:09,252] multiqc                                            [DEBUG  ]  Moving data file from '/scratch/13564325/tmp7buvazan/multiqc_data/multiqc_sources.txt' to '/domus/h1/nuga5928/genome-analysis/analyses/02_diff_expression/04_refqc_fastqc/multiqc_data'
[2020-04-16 14:53:09,257] multiqc                                            [DEBUG  ]  Moving data file from '/scratch/13564325/tmp7buvazan/multiqc_data/multiqc_data.json' to '/domus/h1/nuga5928/genome-analysis/analyses/02_diff_expression/04_refqc_fastqc/multiqc_data'
[2020-04-16 14:53:09,285] multiqc                                            [DEBUG  ]  Moving data file from '/scratch/13564325/tmp7buvazan/multiqc_data/multiqc_qualimap_bamqc_genome_results.txt' to '/domus/h1/nuga5928/genome-analysis/analyses/02_diff_expression/04_refqc_fastqc/multiqc_data'
[2020-04-16 14:53:09,287] multiqc                                            [DEBUG  ]  Moving data file from '/scratch/13564325/tmp7buvazan/multiqc_data/multiqc_fastqc.txt' to '/domus/h1/nuga5928/genome-analysis/analyses/02_diff_expression/04_refqc_fastqc/multiqc_data'
[2020-04-16 14:53:09,288] multiqc                                            [DEBUG  ]  Moving data file from '/scratch/13564325/tmp7buvazan/multiqc_data/multiqc_general_stats.txt' to '/domus/h1/nuga5928/genome-analysis/analyses/02_diff_expression/04_refqc_fastqc/multiqc_data'
[2020-04-16 14:53:09,450] multiqc                                            [INFO   ]  MultiQC complete
