/sw/bioinfo/quast/4.5.4/rackham/bin/quast.py /home/nuga5928/genome-analysis/analyses/01_genome_assembly/01_assembly_canu/lferriphilum.contigs.fasta -R /home/nuga5928/genome-analysis/data/reference/lferriphilum_ref.fasta -o /home/nuga5928/genome-analysis/analyses/01_genome_assembly/02_eval_quast/ --gene-finding

Version: 4.5.4

System information:
  OS: Linux-3.10.0-1062.18.1.el7.x86_64-x86_64-with-centos-7.7.1908-Core (linux_64)
  Python version: 2.7.6
  CPUs number: 20

Started: 2020-04-05 12:46:10

Logging to /home/nuga5928/genome-analysis/analyses/01_genome_assembly/02_eval_quast/quast.log
NOTICE: Maximum number of threads is set to 5 (use --threads option to set it manually)

CWD: /domus/h1/nuga5928/genome-analysis
Main parameters: 
  Threads: 5, minimum contig length: 500, ambiguity: one, threshold for extensive misassembly size: 1000

Reference:
  /home/nuga5928/genome-analysis/data/reference/lferriphilum_ref.fasta ==> lferriphilum_ref

Contigs:
  Pre-processing...
  /home/nuga5928/genome-analysis/analyses/01_genome_assembly/01_assembly_canu/lferriphilum.contigs.fasta ==> lferriphilum.contigs

2020-04-05 12:46:16
Running Basic statistics processor...
  Reference genome:
    lferriphilum_ref.fasta, length = 2610531, num fragments = 2, GC % = 54.14
  Contig files: 
    lferriphilum.contigs
  Calculating N50 and L50...
    lferriphilum.contigs, N50 = 2563357, L50 = 1, Total length = 2636043, GC % = 54.06, # N's per 100 kbp =  0.00
  Drawing Nx plot...
    saved to /home/nuga5928/genome-analysis/analyses/01_genome_assembly/02_eval_quast/basic_stats/Nx_plot.pdf
  Drawing NGx plot...
    saved to /home/nuga5928/genome-analysis/analyses/01_genome_assembly/02_eval_quast/basic_stats/NGx_plot.pdf
  Drawing cumulative plot...
    saved to /home/nuga5928/genome-analysis/analyses/01_genome_assembly/02_eval_quast/basic_stats/cumulative_plot.pdf
  Drawing GC content plot...
    saved to /home/nuga5928/genome-analysis/analyses/01_genome_assembly/02_eval_quast/basic_stats/GC_content_plot.pdf
  Drawing lferriphilum.contigs GC content plot...
    saved to /home/nuga5928/genome-analysis/analyses/01_genome_assembly/02_eval_quast/basic_stats/lferriphilum.contigs_GC_content_plot.pdf
Done.

2020-04-05 12:46:19
Running Contig analyzer...
  lferriphilum.contigs
  Logging to files /home/nuga5928/genome-analysis/analyses/01_genome_assembly/02_eval_quast/contigs_reports/contigs_report_lferriphilum-contigs.stdout and contigs_report_lferriphilum-contigs.stderr...
  Aligning contigs to the reference
  MUMmer plot saved to /home/nuga5928/genome-analysis/analyses/01_genome_assembly/02_eval_quast/contigs_reports/lferriphilum-contigs_mummerplot.html
  Analysis is finished.
  Gzipping /home/nuga5928/genome-analysis/analyses/01_genome_assembly/02_eval_quast/contigs_reports/nucmer_output/lferriphilum-contigs.all_snps to reduce disk space usage...
    saved to /home/nuga5928/genome-analysis/analyses/01_genome_assembly/02_eval_quast/contigs_reports/nucmer_output/lferriphilum-contigs.all_snps.gz
  Creating total report...
    saved to /home/nuga5928/genome-analysis/analyses/01_genome_assembly/02_eval_quast/contigs_reports/misassemblies_report.txt, misassemblies_report.tsv, and misassemblies_report.tex
  Transposed version of total report...
    saved to /home/nuga5928/genome-analysis/analyses/01_genome_assembly/02_eval_quast/contigs_reports/transposed_report_misassemblies.txt, transposed_report_misassemblies.tsv, and transposed_report_misassemblies.tex
  Creating total report...
    saved to /home/nuga5928/genome-analysis/analyses/01_genome_assembly/02_eval_quast/contigs_reports/unaligned_report.txt, unaligned_report.tsv, and unaligned_report.tex
  Drawing misassemblies by types plot...
    saved to /home/nuga5928/genome-analysis/analyses/01_genome_assembly/02_eval_quast/contigs_reports/misassemblies_plot.pdf
  Drawing misassemblies FRCurve plot...
    saved to /home/nuga5928/genome-analysis/analyses/01_genome_assembly/02_eval_quast/contigs_reports/misassemblies_frcurve_plot.pdf
Done.

2020-04-05 12:46:25
Running NA-NGA calculation...
  lferriphilum.contigs, Largest alignment = 1463673, NA50 = 1463673, NGA50 = 1463673, LA50 = 1, LGA50 = 1
  Drawing cumulative plot...
    saved to /home/nuga5928/genome-analysis/analyses/01_genome_assembly/02_eval_quast/aligned_stats/cumulative_plot.pdf
  Drawing NAx plot...
    saved to /home/nuga5928/genome-analysis/analyses/01_genome_assembly/02_eval_quast/aligned_stats/NAx_plot.pdf
  Drawing NGAx plot...
    saved to /home/nuga5928/genome-analysis/analyses/01_genome_assembly/02_eval_quast/aligned_stats/NGAx_plot.pdf
Done.

2020-04-05 12:46:26
Running Genome analyzer...
  NOTICE: No file with genes provided. Use the -G option if you want to specify it.
  NOTICE: No file with operons provided. Use the -O option if you want to specify it.
  lferriphilum.contigs
  Analysis is finished.
  Skipping drawing Genome fraction, % histogram... (less than 2 columns histogram makes no sense)
Done.

2020-04-05 12:46:27
Running GeneMarkS...
  lferriphilum.contigs

ERROR!   Failed predicting genes in lferriphilum.contigs. 
Done.

2020-04-05 12:46:28
Creating large visual summaries...
This may take a while: press Ctrl-C to skip this step..
  1 of 2: Creating Icarus viewers...
  2 of 2: Creating PDF with all tables and plots...
Done

2020-04-05 12:46:30
RESULTS:
  Text versions of total report are saved to /home/nuga5928/genome-analysis/analyses/01_genome_assembly/02_eval_quast/report.txt, report.tsv, and report.tex
  Text versions of transposed total report are saved to /home/nuga5928/genome-analysis/analyses/01_genome_assembly/02_eval_quast/transposed_report.txt, transposed_report.tsv, and transposed_report.tex
  HTML version (interactive tables and plots) saved to /home/nuga5928/genome-analysis/analyses/01_genome_assembly/02_eval_quast/report.html
  PDF version (tables and plots) is saved to /home/nuga5928/genome-analysis/analyses/01_genome_assembly/02_eval_quast/report.pdf
  Icarus (contig browser) is saved to /home/nuga5928/genome-analysis/analyses/01_genome_assembly/02_eval_quast/icarus.html
  Log saved to /home/nuga5928/genome-analysis/analyses/01_genome_assembly/02_eval_quast/quast.log

Finished: 2020-04-05 12:46:30
Elapsed time: 0:00:19.800375
NOTICEs: 3; WARNINGs: 0; non-fatal ERRORs: 1

Thank you for using QUAST!
